<?xml version="1.0" encoding="UTF-8"?>
<!-- Generated by org.testng.reporters.JUnitReportReporter -->
<testsuite skipped="0" hostname="Hughes" name="com.testing_properties.Sample_ExpectedException" tests="4" failures="0" timestamp="2022-02-22T04:17:43 IST" time="4.025" errors="0">
  <testcase name="demo2" time="4.007" classname="com.testing_properties.Sample_ExpectedException"/>
  <system-out/>
  <testcase name="demo" time="0.014" classname="com.testing_properties.Sample_ExpectedException"/>
  <system-out/>
  <testcase name="demo3" time="0.002" classname="com.testing_properties.Sample_ExpectedException"/>
  <system-out/>
  <testcase name="demo1" time="0.002" classname="com.testing_properties.Sample_ExpectedException"/>
  <system-out/>
</testsuite> <!-- com.testing_properties.Sample_ExpectedException -->
