<?xml version="1.0" encoding="UTF-8"?>
<!-- Generated by org.testng.reporters.JUnitReportReporter -->
<testsuite skipped="0" hostname="Hughes" name="com.testing_properties.Hard_Assert_Or_Validation" tests="1" failures="0" timestamp="2022-02-25T16:15:53 IST" time="0.020" errors="0">
  <testcase name="HAOV" time="0.020" classname="com.testing_properties.Hard_Assert_Or_Validation"/>
  <system-out/>
</testsuite> <!-- com.testing_properties.Hard_Assert_Or_Validation -->
