<?xml version="1.0" encoding="UTF-8"?>
<!-- Generated by org.testng.reporters.JUnitReportReporter -->
<testsuite skipped="0" hostname="Hughes" name="com.testing_properties.Soft_Assert_Or_Verification" tests="1" failures="0" timestamp="2022-02-25T17:08:12 IST" time="0.021" errors="0">
  <testcase name="SAOV" time="0.021" classname="com.testing_properties.Soft_Assert_Or_Verification"/>
  <system-out/>
</testsuite> <!-- com.testing_properties.Soft_Assert_Or_Verification -->
