<?xml version="1.0" encoding="UTF-8"?>
<!-- Generated by org.testng.reporters.JUnitReportReporter -->
<testsuite skipped="0" hostname="Hughes" name="com.testing_properties.Sample_Dependency" tests="3" failures="0" timestamp="2022-02-23T15:17:38 IST" time="0.029" errors="0">
  <testcase name="age_criteria" time="0.022" classname="com.testing_properties.Sample_Dependency"/>
  <system-out/>
  <testcase name="vehicle" time="0.003" classname="com.testing_properties.Sample_Dependency"/>
  <system-out/>
  <testcase name="license" time="0.004" classname="com.testing_properties.Sample_Dependency"/>
  <system-out/>
</testsuite> <!-- com.testing_properties.Sample_Dependency -->
