<?xml version="1.0" encoding="UTF-8"?>
<!-- Generated by org.testng.reporters.JUnitReportReporter -->
<testsuite skipped="0" hostname="Hughes" name="com.testing_properties.Simple_Annotations" tests="1" failures="0" timestamp="2022-02-21T14:18:46 IST" time="0.024" errors="0">
  <testcase name="hawk" time="0.024" classname="com.testing_properties.Simple_Annotations"/>
  <system-out/>
</testsuite> <!-- com.testing_properties.Simple_Annotations -->
