<?xml version="1.0" encoding="UTF-8"?>
<!-- Generated by org.testng.reporters.JUnitReportReporter -->
<testsuite skipped="0" hostname="Hughes" name="com.testing_properties.Priority_Testing" tests="10" failures="0" timestamp="2022-02-23T15:03:48 IST" time="0.053" errors="0">
  <testcase name="lion" time="0.018" classname="com.testing_properties.Priority_Testing"/>
  <system-out/>
  <testcase name="tiger" time="0.002" classname="com.testing_properties.Priority_Testing"/>
  <system-out/>
  <testcase name="hawk" time="0.006" classname="com.testing_properties.Priority_Testing"/>
  <system-out/>
  <testcase name="eagle" time="0.002" classname="com.testing_properties.Priority_Testing"/>
  <system-out/>
  <testcase name="whale" time="0.007" classname="com.testing_properties.Priority_Testing"/>
  <system-out/>
  <testcase name="shark" time="0.004" classname="com.testing_properties.Priority_Testing"/>
  <system-out/>
  <testcase name="shark" time="0.004" classname="com.testing_properties.Priority_Testing"/>
  <system-out/>
  <testcase name="shark" time="0.006" classname="com.testing_properties.Priority_Testing"/>
  <system-out/>
  <testcase name="shark" time="0.003" classname="com.testing_properties.Priority_Testing"/>
  <system-out/>
  <testcase name="shark" time="0.001" classname="com.testing_properties.Priority_Testing"/>
  <system-out/>
</testsuite> <!-- com.testing_properties.Priority_Testing -->
