<?xml version="1.0" encoding="UTF-8"?>
<!-- Generated by org.testng.reporters.JUnitReportReporter -->
<testsuite skipped="0" hostname="Hughes" name="com.testing_properties.Parameterized_Concept" tests="1" failures="0" timestamp="2022-02-23T15:24:19 IST" time="0.018" errors="0">
  <testcase name="Personal_Details" time="0.018" classname="com.testing_properties.Parameterized_Concept"/>
  <system-out/>
</testsuite> <!-- com.testing_properties.Parameterized_Concept -->
