<?xml version="1.0" encoding="UTF-8"?>
<!-- Generated by org.testng.reporters.JUnitReportReporter -->
<testsuite skipped="0" hostname="Hughes" name="com.testing_properties.Parallel_Testing1" tests="2" failures="0" timestamp="2022-02-23T21:09:42 IST" time="0.024" errors="0">
  <testcase name="Yahoo" time="0.012" classname="com.testing_properties.Parallel_Testing1"/>
  <system-out/>
  <testcase name="Safari" time="0.012" classname="com.testing_properties.Parallel_Testing1"/>
  <system-out/>
</testsuite> <!-- com.testing_properties.Parallel_Testing1 -->
