<?xml version="1.0" encoding="UTF-8"?>
<!-- Generated by org.testng.reporters.JUnitReportReporter -->
<testsuite skipped="0" hostname="Hughes" name="com.testing_properties.Sample_Groups" tests="2" failures="0" timestamp="2022-02-23T15:12:39 IST" time="0.022" errors="0">
  <testcase name="lion" time="0.003" classname="com.testing_properties.Sample_Groups"/>
  <system-out/>
  <testcase name="bear" time="0.019" classname="com.testing_properties.Sample_Groups"/>
  <system-out/>
</testsuite> <!-- com.testing_properties.Sample_Groups -->
