<?xml version="1.0" encoding="UTF-8"?>
<!-- Generated by org.testng.reporters.JUnitReportReporter -->
<testsuite skipped="0" hostname="Hughes" name="com.testing_properties.Data_Providers_Test" tests="3" failures="0" timestamp="2022-02-28T16:42:36 IST" time="0.057" errors="0">
  <testcase name="login" time="0.033" classname="com.testing_properties.Data_Providers_Test"/>
  <system-out/>
  <testcase name="login" time="0.014" classname="com.testing_properties.Data_Providers_Test"/>
  <system-out/>
  <testcase name="login" time="0.010" classname="com.testing_properties.Data_Providers_Test"/>
  <system-out/>
</testsuite> <!-- com.testing_properties.Data_Providers_Test -->
