<?xml version="1.0" encoding="UTF-8"?>
<!-- Generated by org.testng.reporters.JUnitReportReporter -->
<testsuite skipped="0" hostname="Hughes" name="com.testing_properties.Sample_Group_Of_Groups" tests="4" failures="0" timestamp="2022-02-23T15:15:57 IST" time="0.023" errors="0">
  <testcase name="hawk" time="0.002" classname="com.testing_properties.Sample_Group_Of_Groups"/>
  <system-out/>
  <testcase name="bear" time="0.014" classname="com.testing_properties.Sample_Group_Of_Groups"/>
  <system-out/>
  <testcase name="lion" time="0.001" classname="com.testing_properties.Sample_Group_Of_Groups"/>
  <system-out/>
  <testcase name="vulture" time="0.006" classname="com.testing_properties.Sample_Group_Of_Groups"/>
  <system-out/>
</testsuite> <!-- com.testing_properties.Sample_Group_Of_Groups -->
