<?xml version="1.0" encoding="UTF-8"?>
<!-- Generated by org.testng.reporters.JUnitReportReporter -->
<testsuite skipped="0" hostname="Hughes" name="com.testing_properties.Sample_TimeOut" tests="1" failures="0" timestamp="2022-02-22T03:51:29 IST" time="6.045" errors="0">
  <testcase name="age_criteria" time="6.045" classname="com.testing_properties.Sample_TimeOut"/>
  <system-out/>
</testsuite> <!-- com.testing_properties.Sample_TimeOut -->
