<?xml version="1.0" encoding="UTF-8"?>
<!-- Generated by org.testng.reporters.JUnitReportReporter -->
<testsuite skipped="2" hostname="Hughes" name="com.testing_properties.Sample_Ignore" tests="3" failures="0" timestamp="2022-02-23T15:06:55 IST" time="0.021" errors="0">
  <testcase name="hawk" time="0.021" classname="com.testing_properties.Sample_Ignore"/>
  <system-out/>
  <testcase name="tiger" classname="com.testing_properties.Sample_Ignore">
    <skipped/>
  </testcase> <!-- tiger -->
  <system-out/>
  <testcase name="shark" classname="com.testing_properties.Sample_Ignore">
    <skipped/>
  </testcase> <!-- shark -->
  <system-out/>
</testsuite> <!-- com.testing_properties.Sample_Ignore -->
