<?xml version="1.0" encoding="UTF-8"?>
<!-- Generated by org.testng.reporters.JUnitReportReporter -->
<testsuite skipped="0" hostname="Hughes" name="com.testing_properties.Parallel_Testing" tests="1" failures="0" timestamp="2022-02-23T21:04:21 IST" time="0.013" errors="0">
  <testcase name="Google" time="0.013" classname="com.testing_properties.Parallel_Testing"/>
  <system-out/>
</testsuite> <!-- com.testing_properties.Parallel_Testing -->
